<?xml version="1.0" encoding="UTF-8"?>
<!-- Generated by org.testng.reporters.JUnitReportReporter -->
<testsuite hostname="DESKTOP-91HT657" failures="0" tests="2" name="com.mcpizza.tests.McPizzaTests" time="41.235" errors="0" timestamp="2022-11-16T10:39:52 IST" skipped="0">
  <testcase classname="com.mcpizza.tests.McPizzaTests" name="OrderVegThickCrustPizza" time="23.471"/>
  <system-out/>
  <testcase classname="com.mcpizza.tests.McPizzaTests" name="ValidateIrrelavantQuestions" time="17.764"/>
  <system-out/>
</testsuite> <!-- com.mcpizza.tests.McPizzaTests -->
