<?xml version="1.0" encoding="UTF-8"?>
<!-- Generated by org.testng.reporters.JUnitReportReporter -->
<testsuite hostname="DESKTOP-91HT657" failures="0" tests="2" name="com.mcpizza.tests.McPizzaTests" time="31.490" errors="0" timestamp="2022-11-16T09:19:47 IST" skipped="0">
  <testcase classname="com.mcpizza.tests.McPizzaTests" name="ValidateIrrelavantQuestions" time="15.717"/>
  <system-out/>
  <testcase classname="com.mcpizza.tests.McPizzaTests" name="OrderVegThickCrustPizza" time="15.773"/>
  <system-out/>
</testsuite> <!-- com.mcpizza.tests.McPizzaTests -->
